<?xml version="1.0" encoding="UTF-8"?>
<testng-results ignored="0" total="2" passed="2" failed="0" skipped="0">
  <reporter-output>
  </reporter-output>
  <suite started-at="2024-09-10T15:44:25 IST" name="Default suite" finished-at="2024-09-10T15:44:33 IST" duration-ms="7873">
    <groups>
    </groups>
    <test started-at="2024-09-10T15:44:25 IST" name="Default test" finished-at="2024-09-10T15:44:33 IST" duration-ms="7873">
      <class name="wiz.testscript.FlowTest">
        <test-method is-config="true" signature="LoadConfig()[pri:0, instance:wiz.testscript.FlowTest@564fabc8]" started-at="2024-09-10T15:44:25 IST" name="LoadConfig" finished-at="2024-09-10T15:44:25 IST" duration-ms="16" status="PASS">
          <reporter-output>
          </reporter-output>
        </test-method> <!-- LoadConfig -->
        <test-method is-config="true" signature="setup()[pri:0, instance:wiz.testscript.FlowTest@564fabc8]" started-at="2024-09-10T15:44:25 IST" name="setup" finished-at="2024-09-10T15:44:33 IST" duration-ms="7702" status="PASS">
          <reporter-output>
          </reporter-output>
        </test-method> <!-- setup -->
        <test-method signature="Home()[pri:0, instance:wiz.testscript.FlowTest@564fabc8]" started-at="2024-09-10T15:44:33 IST" name="Home" finished-at="2024-09-10T15:44:33 IST" duration-ms="38" status="PASS">
          <reporter-output>
          </reporter-output>
        </test-method> <!-- Home -->
        <test-method signature="LoginPage()[pri:0, instance:wiz.testscript.FlowTest@564fabc8]" started-at="2024-09-10T15:44:33 IST" name="LoginPage" finished-at="2024-09-10T15:44:33 IST" duration-ms="6" status="PASS">
          <reporter-output>
          </reporter-output>
        </test-method> <!-- LoginPage -->
      </class> <!-- wiz.testscript.FlowTest -->
    </test> <!-- Default test -->
  </suite> <!-- Default suite -->
</testng-results>
